<?xml version="1.0" encoding="UTF-8"?>
<testsuite xmlns:xsi="http://www.w3.org/2001/XMLSchema-instance" xsi:noNamespaceSchemaLocation="https://maven.apache.org/surefire/maven-surefire-plugin/xsd/surefire-test-report-3.0.xsd" version="3.0" name="com.cc.entities.CarLoanTest" time="0.007" tests="4" errors="0" skipped="0" failures="0">
  <properties>
    <property name="java.specification.version" value="18"/>
    <property name="sun.jnu.encoding" value="UTF-8"/>
    <property name="java.class.path" value="/Users/anand.raj/Documents/spaces/intellij/personal/raj7/customer-loan-service/entities/target/test-classes:/Users/anand.raj/Documents/spaces/intellij/personal/raj7/customer-loan-service/entities/target/classes:/Users/anand.raj/.m2/repository/org/mockito/mockito-junit-jupiter/5.4.0/mockito-junit-jupiter-5.4.0.jar:/Users/anand.raj/.m2/repository/org/mockito/mockito-core/5.3.1/mockito-core-5.3.1.jar:/Users/anand.raj/.m2/repository/net/bytebuddy/byte-buddy/1.14.5/byte-buddy-1.14.5.jar:/Users/anand.raj/.m2/repository/net/bytebuddy/byte-buddy-agent/1.14.5/byte-buddy-agent-1.14.5.jar:/Users/anand.raj/.m2/repository/org/objenesis/objenesis/3.3/objenesis-3.3.jar:/Users/anand.raj/.m2/repository/org/junit/jupiter/junit-jupiter-api/5.9.3/junit-jupiter-api-5.9.3.jar:/Users/anand.raj/.m2/repository/org/opentest4j/opentest4j/1.2.0/opentest4j-1.2.0.jar:/Users/anand.raj/.m2/repository/org/junit/platform/junit-platform-commons/1.9.3/junit-platform-commons-1.9.3.jar:/Users/anand.raj/.m2/repository/org/apiguardian/apiguardian-api/1.1.2/apiguardian-api-1.1.2.jar:"/>
    <property name="java.vm.vendor" value="Homebrew"/>
    <property name="sun.arch.data.model" value="64"/>
    <property name="java.vendor.url" value="https://github.com/Homebrew/homebrew-core/issues"/>
    <property name="user.timezone" value="Asia/Kolkata"/>
    <property name="os.name" value="Mac OS X"/>
    <property name="java.vm.specification.version" value="18"/>
    <property name="sun.java.launcher" value="SUN_STANDARD"/>
    <property name="user.country" value="IN"/>
    <property name="sun.boot.library.path" value="/usr/local/Cellar/openjdk/18.0.2.1/libexec/openjdk.jdk/Contents/Home/lib"/>
    <property name="sun.java.command" value="/Users/anand.raj/Documents/spaces/intellij/personal/raj7/customer-loan-service/entities/target/surefire/surefirebooter-20230710134109681_3.jar /Users/anand.raj/Documents/spaces/intellij/personal/raj7/customer-loan-service/entities/target/surefire 2023-07-10T13-41-09_602-jvmRun1 surefire-20230710134109681_1tmp surefire_0-20230710134109681_2tmp"/>
    <property name="http.nonProxyHosts" value="local|*.local|169.254/16|*.169.254/16"/>
    <property name="jdk.debug" value="release"/>
    <property name="surefire.test.class.path" value="/Users/anand.raj/Documents/spaces/intellij/personal/raj7/customer-loan-service/entities/target/test-classes:/Users/anand.raj/Documents/spaces/intellij/personal/raj7/customer-loan-service/entities/target/classes:/Users/anand.raj/.m2/repository/org/mockito/mockito-junit-jupiter/5.4.0/mockito-junit-jupiter-5.4.0.jar:/Users/anand.raj/.m2/repository/org/mockito/mockito-core/5.3.1/mockito-core-5.3.1.jar:/Users/anand.raj/.m2/repository/net/bytebuddy/byte-buddy/1.14.5/byte-buddy-1.14.5.jar:/Users/anand.raj/.m2/repository/net/bytebuddy/byte-buddy-agent/1.14.5/byte-buddy-agent-1.14.5.jar:/Users/anand.raj/.m2/repository/org/objenesis/objenesis/3.3/objenesis-3.3.jar:/Users/anand.raj/.m2/repository/org/junit/jupiter/junit-jupiter-api/5.9.3/junit-jupiter-api-5.9.3.jar:/Users/anand.raj/.m2/repository/org/opentest4j/opentest4j/1.2.0/opentest4j-1.2.0.jar:/Users/anand.raj/.m2/repository/org/junit/platform/junit-platform-commons/1.9.3/junit-platform-commons-1.9.3.jar:/Users/anand.raj/.m2/repository/org/apiguardian/apiguardian-api/1.1.2/apiguardian-api-1.1.2.jar:"/>
    <property name="sun.cpu.endian" value="little"/>
    <property name="user.home" value="/Users/anand.raj"/>
    <property name="user.language" value="en"/>
    <property name="java.specification.vendor" value="Oracle Corporation"/>
    <property name="java.version.date" value="2022-08-18"/>
    <property name="java.home" value="/usr/local/Cellar/openjdk/18.0.2.1/libexec/openjdk.jdk/Contents/Home"/>
    <property name="file.separator" value="/"/>
    <property name="basedir" value="/Users/anand.raj/Documents/spaces/intellij/personal/raj7/customer-loan-service/entities"/>
    <property name="java.vm.compressedOopsMode" value="Zero based"/>
    <property name="line.separator" value="&#10;"/>
    <property name="java.vm.specification.vendor" value="Oracle Corporation"/>
    <property name="java.specification.name" value="Java Platform API Specification"/>
    <property name="apple.awt.application.name" value="ForkedBooter"/>
    <property name="surefire.real.class.path" value="/Users/anand.raj/Documents/spaces/intellij/personal/raj7/customer-loan-service/entities/target/surefire/surefirebooter-20230710134109681_3.jar"/>
    <property name="sun.management.compiler" value="HotSpot 64-Bit Tiered Compilers"/>
    <property name="ftp.nonProxyHosts" value="local|*.local|169.254/16|*.169.254/16"/>
    <property name="java.runtime.version" value="18.0.2.1+0"/>
    <property name="user.name" value="anand.raj"/>
    <property name="path.separator" value=":"/>
    <property name="os.version" value="13.1"/>
    <property name="java.runtime.name" value="OpenJDK Runtime Environment"/>
    <property name="file.encoding" value="UTF-8"/>
    <property name="java.vm.name" value="OpenJDK 64-Bit Server VM"/>
    <property name="java.vendor.version" value="Homebrew"/>
    <property name="localRepository" value="/Users/anand.raj/.m2/repository"/>
    <property name="java.vendor.url.bug" value="https://github.com/Homebrew/homebrew-core/issues"/>
    <property name="java.io.tmpdir" value="/var/folders/m5/nlch71_s1bg3d37nvcw260t80000gn/T/"/>
    <property name="java.version" value="18.0.2.1"/>
    <property name="user.dir" value="/Users/anand.raj/Documents/spaces/intellij/personal/raj7/customer-loan-service/entities"/>
    <property name="os.arch" value="x86_64"/>
    <property name="java.vm.specification.name" value="Java Virtual Machine Specification"/>
    <property name="native.encoding" value="US-ASCII"/>
    <property name="java.library.path" value="/Users/anand.raj/Library/Java/Extensions:/Library/Java/Extensions:/Network/Library/Java/Extensions:/System/Library/Java/Extensions:/usr/lib/java:."/>
    <property name="java.vm.info" value="mixed mode, sharing"/>
    <property name="java.vendor" value="Homebrew"/>
    <property name="java.vm.version" value="18.0.2.1+0"/>
    <property name="sun.io.unicode.encoding" value="UnicodeBig"/>
    <property name="socksNonProxyHosts" value="local|*.local|169.254/16|*.169.254/16"/>
    <property name="java.class.version" value="62.0"/>
  </properties>
  <testcase name="Car_loan_is_created_with_outstanding_amount_same_as_principle_when_no_initial_discount_applied" classname="com.cc.entities.CarLoanTest" time="0.001"/>
  <testcase name="Car_loan_is_created_with_outstanding_amount_less_than_principle_when_initial_discount_applied" classname="com.cc.entities.CarLoanTest" time="0.001"/>
  <testcase name="Customer_checks_the_monthly_payment_amount_to_be_made_against_the_car_loan_taken" classname="com.cc.entities.CarLoanTest" time="0.001"/>
  <testcase name="Car_loan_is_activated_on_current_created_date" classname="com.cc.entities.CarLoanTest" time="0"/>
</testsuite>